生成启动时间为 2021/1/6 16:45:37。
     1>项目“G:\IntrepidCS\Vehicle Spy 3.9\Data Directory\Chennnn\CCodeProject0\CCodeProject0.vcxproj”在节点 2 上(build 个目标)。
     1>InitializeBuildStatus:
         正在创建“Debug\CCodeProject0.unsuccessfulbuild”，因为已指定“AlwaysCreate”。
       ClCompile:
         C:\Program Files (x86)\Microsoft Visual Studio 10.0\VC\bin\CL.exe /c /ZI /nologo /W3 /WX- /Od /Oy- /D BUILD_VSPY_DLL_PROJECT /D _WINDLL /D _UNICODE /D UNICODE /Gm /EHsc /RTC1 /MTd /GS /fp:precise /Zc:wchar_t /Zc:forScope /Yc"StdAfx.h" /Fp"Debug\CCodeProject0.pch" /Fo"Debug\\" /Fd"Debug\vc100.pdb" /Gz /TP /analyze- /errorReport:prompt stdafx.cpp
         stdafx.cpp
         C:\Program Files (x86)\Microsoft Visual Studio 10.0\VC\bin\CL.exe /c /ZI /nologo /W3 /WX- /Od /Oy- /D BUILD_VSPY_DLL_PROJECT /D _WINDLL /D _UNICODE /D UNICODE /Gm /EHsc /RTC1 /MTd /GS /fp:precise /Zc:wchar_t /Zc:forScope /Fo"Debug\\" /Fd"Debug\vc100.pdb" /Gz /TC /analyze- /errorReport:prompt SpyCCode.c vspy.c
         vspy.c
         SpyCCode.c
         正在生成代码...
         C:\Program Files (x86)\Microsoft Visual Studio 10.0\VC\bin\CL.exe /c /ZI /nologo /W3 /WX- /Od /Oy- /D BUILD_VSPY_DLL_PROJECT /D _WINDLL /D _UNICODE /D UNICODE /Gm /EHsc /RTC1 /MTd /GS /fp:precise /Zc:wchar_t /Zc:forScope /Fo"Debug\\" /Fd"Debug\vc100.pdb" /Gz /TP /analyze- /errorReport:prompt CCodeProject0.cpp
         CCodeProject0.cpp
       ResourceCompile:
         C:\Program Files (x86)\Microsoft SDKs\Windows\v7.0A\bin\rc.exe /D _UNICODE /D UNICODE /l"0x0409" /nologo /fo"Debug\CCodeProject0.res" CCodeProject0.rc 
       ManifestResourceCompile:
         C:\Program Files (x86)\Microsoft SDKs\Windows\v7.0A\bin\rc.exe /nologo /fo"Debug\CCodeProject0.dll.embed.manifest.res" Debug\CCodeProject0_manifest.rc 
       Link:
         C:\Program Files (x86)\Microsoft Visual Studio 10.0\VC\bin\link.exe /ERRORREPORT:PROMPT /OUT:"CCodeProject0.dll" /INCREMENTAL /NOLOGO Winmm.lib opencv_calib3d244d.lib opencv_contrib244d.lib opencv_core244d.lib opencv_features2d244d.lib opencv_flann244d.lib opencv_gpu244d.lib opencv_haartraining_engined.lib opencv_highgui244d.lib opencv_imgproc244d.lib opencv_legacy244d.lib opencv_ml244d.lib opencv_nonfree244d.lib opencv_objdetect244d.lib opencv_photo244d.lib opencv_stitching244d.lib opencv_ts244d.lib opencv_video244d.lib opencv_videostab244d.lib kernel32.lib user32.lib gdi32.lib winspool.lib comdlg32.lib advapi32.lib shell32.lib ole32.lib oleaut32.lib uuid.lib odbc32.lib odbccp32.lib /DEF:"CCodeProject0.def" /MANIFEST /ManifestFile:"Debug\CCodeProject0.dll.intermediate.manifest" /MANIFESTUAC:"level='asInvoker' uiAccess='false'" /DEBUG /PDB:"G:\IntrepidCS\Vehicle Spy 3.9\Data Directory\Chennnn\CCodeProject0\CCodeProject0.pdb" /SUBSYSTEM:WINDOWS /TLBID:1 /DYNAMICBASE /NXCOMPAT /IMPLIB:"G:\IntrepidCS\Vehicle Spy 3.9\Data Directory\Chennnn\CCodeProject0\CCodeProject0.lib" /MACHINE:X86 /DLL Debug\CCodeProject0.res
         Debug\CCodeProject0.dll.embed.manifest.res
         Debug\SpyCCode.obj
         Debug\CCodeProject0.obj
         Debug\stdafx.obj
         Debug\vspy.obj
            正在创建库 G:\IntrepidCS\Vehicle Spy 3.9\Data Directory\Chennnn\CCodeProject0\CCodeProject0.lib 和对象 G:\IntrepidCS\Vehicle Spy 3.9\Data Directory\Chennnn\CCodeProject0\CCodeProject0.exp
       Manifest:
         C:\Program Files (x86)\Microsoft SDKs\Windows\v7.0A\bin\mt.exe /nologo /verbose /out:"Debug\CCodeProject0.dll.embed.manifest" /manifest Debug\CCodeProject0.dll.intermediate.manifest
         所有输出均为最新。
       LinkEmbedManifest:
         所有输出均为最新。
         CCodeProject0.vcxproj -> G:\IntrepidCS\Vehicle Spy 3.9\Data Directory\Chennnn\CCodeProject0\CCodeProject0.dll
       FinalizeBuildStatus:
         正在删除文件“Debug\CCodeProject0.unsuccessfulbuild”。
         正在对“Debug\CCodeProject0.lastbuildstate”执行 Touch 任务。
     1>已完成生成项目“G:\IntrepidCS\Vehicle Spy 3.9\Data Directory\Chennnn\CCodeProject0\CCodeProject0.vcxproj”(build 个目标)的操作。

生成成功。

已用时间 00:00:07.19
